\BOOKMARK [1][-]{section.1}{\376\377\000E\000i\000n\000l\000e\000i\000t\000u\000n\000g}{}% 1
\BOOKMARK [2][-]{subsection.1.1}{\376\377\000M\000o\000t\000i\000v\000a\000t\000i\000o\000n}{section.1}% 2
\BOOKMARK [2][-]{subsection.1.2}{\376\377\000Z\000i\000e\000l\000s\000e\000t\000z\000u\000n\000g\000\040\000d\000e\000r\000\040\000A\000r\000b\000e\000i\000t}{section.1}% 3
\BOOKMARK [2][-]{subsection.1.3}{\376\377\000A\000u\000f\000b\000a\000u\000\040\000d\000e\000r\000\040\000A\000r\000b\000e\000i\000t}{section.1}% 4
\BOOKMARK [1][-]{section.2}{\376\377\000T\000h\000e\000o\000r\000e\000t\000i\000s\000c\000h\000e\000\040\000G\000r\000u\000n\000d\000l\000a\000g\000e\000n}{}% 5
\BOOKMARK [2][-]{subsection.2.1}{\376\377\000N\000e\000t\000z\000w\000e\000r\000k\000e\000\040\000i\000n\000\040\000E\000c\000h\000t\000z\000e\000i\000t\000a\000n\000w\000e\000n\000d\000u\000n\000g\000e\000n}{section.2}% 6
\BOOKMARK [3][-]{subsubsection.2.1.1}{\376\377\000L\000a\000t\000e\000n\000z\000,\000\040\000P\000a\000k\000e\000t\000v\000e\000r\000l\000u\000s\000t\000,\000\040\000J\000i\000t\000t\000e\000r\000,\000\040\000T\000i\000c\000k\000r\000a\000t\000e}{subsection.2.1}% 7
\BOOKMARK [2][-]{subsection.2.2}{\376\377\000A\000r\000c\000h\000i\000t\000e\000k\000t\000u\000r\000e\000n\000\040\000i\000n\000\040\000M\000u\000l\000t\000i\000p\000l\000a\000y\000e\000r\000-\000S\000y\000s\000t\000e\000m\000e\000n}{section.2}% 8
\BOOKMARK [3][-]{subsubsection.2.2.1}{\376\377\000C\000l\000i\000e\000n\000t\000-\000S\000e\000r\000v\000e\000r\000-\000M\000o\000d\000e\000l\000l}{subsection.2.2}% 9
\BOOKMARK [3][-]{subsubsection.2.2.2}{\376\377\000P\000e\000e\000r\000-\000t\000o\000-\000P\000e\000e\000r\000-\000A\000r\000c\000h\000i\000t\000e\000k\000t\000u\000r}{subsection.2.2}% 10
\BOOKMARK [3][-]{subsubsection.2.2.3}{\376\377\000A\000u\000t\000h\000o\000r\000i\000t\000y\000-\000K\000o\000n\000z\000e\000p\000t\000e\000:\000\040\000C\000l\000i\000e\000n\000t\000\040\000v\000s\000.\000\040\000S\000e\000r\000v\000e\000r}{subsection.2.2}% 11
\BOOKMARK [2][-]{subsection.2.3}{\376\377\000B\000e\000g\000r\000i\000f\000f\000s\000e\000r\000k\000l\000\344\000r\000u\000n\000g\000e\000n}{section.2}% 12
\BOOKMARK [3][-]{subsubsection.2.3.1}{\376\377\000T\000i\000c\000k\000r\000a\000t\000e\000\040\000u\000n\000d\000\040\000I\000n\000p\000u\000t\000\040\000D\000e\000l\000a\000y}{subsection.2.3}% 13
\BOOKMARK [3][-]{subsubsection.2.3.2}{\376\377\000R\000e\000c\000o\000n\000c\000i\000l\000i\000a\000t\000i\000o\000n\000,\000\040\000P\000r\000e\000d\000i\000c\000t\000i\000o\000n\000,\000\040\000I\000n\000t\000e\000r\000p\000o\000l\000a\000t\000i\000o\000n}{subsection.2.3}% 14
\BOOKMARK [1][-]{section.3}{\376\377\000N\000e\000t\000c\000o\000d\000e\000-\000M\000e\000c\000h\000a\000n\000i\000k\000e\000n\000\040\000i\000m\000\040\000D\000e\000t\000a\000i\000l}{}% 15
\BOOKMARK [2][-]{subsection.3.1}{\376\377\000C\000l\000i\000e\000n\000t\000-\000S\000i\000d\000e\000\040\000P\000r\000e\000d\000i\000c\000t\000i\000o\000n}{section.3}% 16
\BOOKMARK [3][-]{subsubsection.3.1.1}{\376\377\000F\000u\000n\000k\000t\000i\000o\000n\000s\000w\000e\000i\000s\000e}{subsection.3.1}% 17
\BOOKMARK [3][-]{subsubsection.3.1.2}{\376\377\000V\000o\000r\000t\000e\000i\000l\000e\000\040\000u\000n\000d\000\040\000R\000i\000s\000i\000k\000e\000n\000\040\000\050\000R\000u\000b\000b\000e\000r\000b\000a\000n\000d\000i\000n\000g\000,\000\040\000D\000e\000s\000y\000n\000c\000s\000\051}{subsection.3.1}% 18
\BOOKMARK [2][-]{subsection.3.2}{\376\377\000I\000n\000t\000e\000r\000p\000o\000l\000a\000t\000i\000o\000n}{section.3}% 19
\BOOKMARK [3][-]{subsubsection.3.2.1}{\376\377\000Z\000i\000e\000l\000s\000e\000t\000z\000u\000n\000g\000:\000\040\000F\000l\000\374\000s\000s\000i\000g\000e\000\040\000D\000a\000r\000s\000t\000e\000l\000l\000u\000n\000g}{subsection.3.2}% 20
\BOOKMARK [3][-]{subsubsection.3.2.2}{\376\377\000T\000e\000c\000h\000n\000i\000k\000e\000n\000:\000\040\000L\000E\000R\000P\000,\000\040\000S\000n\000a\000p\000s\000h\000o\000t\000\040\000B\000u\000f\000f\000e\000r\000i\000n\000g}{subsection.3.2}% 21
\BOOKMARK [2][-]{subsection.3.3}{\376\377\000L\000a\000g\000\040\000C\000o\000m\000p\000e\000n\000s\000a\000t\000i\000o\000n}{section.3}% 22
\BOOKMARK [3][-]{subsubsection.3.3.1}{\376\377\000R\000e\000w\000i\000n\000d\000-\000M\000e\000c\000h\000a\000n\000i\000k\000e\000n\000\040\000b\000e\000i\000\040\000T\000r\000e\000f\000f\000e\000r\000e\000r\000k\000e\000n\000n\000u\000n\000g}{subsection.3.3}% 23
\BOOKMARK [3][-]{subsubsection.3.3.2}{\376\377\000T\000r\000a\000d\000e\000-\000o\000f\000f\000s\000:\000\040\000F\000a\000i\000r\000n\000e\000s\000s\000\040\000v\000s\000.\000\040\000K\000o\000m\000p\000l\000e\000x\000i\000t\000\344\000t}{subsection.3.3}% 24
\BOOKMARK [1][-]{section.4}{\376\377\000U\000m\000s\000e\000t\000z\000u\000n\000g\000\040\000d\000e\000s\000\040\000P\000r\000o\000t\000o\000t\000y\000p\000s\000\040\000i\000n\000\040\000U\000n\000i\000t\000y}{}% 25
\BOOKMARK [2][-]{subsection.4.1}{\376\377\000P\000r\000o\000j\000e\000k\000t\000s\000t\000r\000u\000k\000t\000u\000r\000\040\000u\000n\000d\000\040\000D\000e\000s\000i\000g\000n\000e\000n\000t\000s\000c\000h\000e\000i\000d\000u\000n\000g\000e\000n}{section.4}% 26
\BOOKMARK [3][-]{subsubsection.4.1.1}{\376\377\000A\000u\000f\000b\000a\000u\000\040\000d\000e\000r\000\040\000Z\000i\000e\000l\000u\000m\000g\000e\000b\000u\000n\000g}{subsection.4.1}% 27
\BOOKMARK [3][-]{subsubsection.4.1.2}{\376\377\000V\000e\000r\000z\000i\000c\000h\000t\000\040\000a\000u\000f\000\040\000a\000u\000t\000o\000m\000a\000t\000i\000s\000c\000h\000e\000\040\000S\000y\000n\000c\000h\000r\000o\000n\000i\000s\000a\000t\000i\000o\000n}{subsection.4.1}% 28
\BOOKMARK [2][-]{subsection.4.2}{\376\377\000I\000m\000p\000l\000e\000m\000e\000n\000t\000i\000e\000r\000u\000n\000g\000\040\000d\000e\000r\000\040\000M\000e\000c\000h\000a\000n\000i\000k\000e\000n}{section.4}% 29
\BOOKMARK [3][-]{subsubsection.4.2.1}{\376\377\000C\000l\000i\000e\000n\000t\000-\000S\000i\000d\000e\000\040\000P\000r\000e\000d\000i\000c\000t\000i\000o\000n\000\040\000b\000e\000i\000m\000\040\000S\000c\000h\000i\000e\000\337\000e\000n}{subsection.4.2}% 30
\BOOKMARK [3][-]{subsubsection.4.2.2}{\376\377\000I\000n\000t\000e\000r\000p\000o\000l\000a\000t\000i\000o\000n\000\040\000b\000e\000w\000e\000g\000l\000i\000c\000h\000e\000r\000\040\000O\000b\000j\000e\000k\000t\000e}{subsection.4.2}% 31
\BOOKMARK [3][-]{subsubsection.4.2.3}{\376\377\000L\000a\000g\000\040\000C\000o\000m\000p\000e\000n\000s\000a\000t\000i\000o\000n\000\040\000b\000e\000i\000m\000\040\000H\000i\000t\000-\000S\000c\000a\000n}{subsection.4.2}% 32
\BOOKMARK [2][-]{subsection.4.3}{\376\377\000T\000e\000c\000h\000n\000i\000s\000c\000h\000e\000\040\000H\000e\000r\000a\000u\000s\000f\000o\000r\000d\000e\000r\000u\000n\000g\000e\000n}{section.4}% 33
\BOOKMARK [3][-]{subsubsection.4.3.1}{\376\377\000S\000i\000m\000u\000l\000a\000t\000i\000o\000n\000\040\000v\000o\000n\000\040\000L\000a\000t\000e\000n\000z\000\040\000u\000n\000d\000\040\000P\000a\000k\000e\000t\000v\000e\000r\000l\000u\000s\000t}{subsection.4.3}% 34
\BOOKMARK [3][-]{subsubsection.4.3.2}{\376\377\000F\000e\000h\000l\000e\000r\000q\000u\000e\000l\000l\000e\000n\000\040\000u\000n\000d\000\040\000D\000e\000b\000u\000g\000g\000i\000n\000g}{subsection.4.3}% 35
\BOOKMARK [2][-]{subsection.4.4}{\376\377\000V\000i\000s\000u\000a\000l\000i\000s\000i\000e\000r\000u\000n\000g\000s\000t\000o\000o\000l\000s}{section.4}% 36
\BOOKMARK [3][-]{subsubsection.4.4.1}{\376\377\000O\000v\000e\000r\000l\000a\000y\000s\000:\000\040\000P\000r\000e\000d\000i\000c\000t\000i\000o\000n\000,\000\040\000L\000a\000g\000,\000\040\000I\000n\000t\000e\000r\000p\000o\000l\000a\000t\000i\000o\000n}{subsection.4.4}% 37
\BOOKMARK [1][-]{section.5}{\376\377\000E\000v\000a\000l\000u\000a\000t\000i\000o\000n\000\040\000u\000n\000d\000\040\000E\000x\000p\000e\000r\000i\000m\000e\000n\000t\000e}{}% 38
\BOOKMARK [2][-]{subsection.5.1}{\376\377\000T\000e\000s\000t\000a\000u\000f\000b\000a\000u}{section.5}% 39
\BOOKMARK [3][-]{subsubsection.5.1.1}{\376\377\000S\000z\000e\000n\000a\000r\000i\000e\000n\000\040\000m\000i\000t\000\040\000s\000i\000m\000u\000l\000i\000e\000r\000t\000e\000n\000\040\000N\000e\000t\000z\000w\000e\000r\000k\000b\000e\000d\000i\000n\000g\000u\000n\000g\000e\000n}{subsection.5.1}% 40
\BOOKMARK [2][-]{subsection.5.2}{\376\377\000B\000e\000o\000b\000a\000c\000h\000t\000u\000n\000g\000e\000n}{section.5}% 41
\BOOKMARK [3][-]{subsubsection.5.2.1}{\376\377\000E\000i\000n\000f\000l\000u\000s\000s\000\040\000a\000u\000f\000\040\000S\000p\000i\000e\000l\000g\000e\000f\000\374\000h\000l\000\040\000u\000n\000d\000\040\000K\000o\000n\000t\000r\000o\000l\000l\000e}{subsection.5.2}% 42
\BOOKMARK [2][-]{subsection.5.3}{\376\377\000V\000e\000r\000g\000l\000e\000i\000c\000h\000\040\000v\000e\000r\000s\000c\000h\000i\000e\000d\000e\000n\000e\000r\000\040\000K\000o\000n\000f\000i\000g\000u\000r\000a\000t\000i\000o\000n\000e\000n}{section.5}% 43
\BOOKMARK [3][-]{subsubsection.5.3.1}{\376\377\000A\000n\000/\000a\000u\000s\000-\000S\000c\000h\000a\000l\000t\000e\000n\000\040\000v\000o\000n\000\040\000P\000r\000e\000d\000i\000c\000t\000i\000o\000n\000\040\000u\000n\000d\000\040\000I\000n\000t\000e\000r\000p\000o\000l\000a\000t\000i\000o\000n}{subsection.5.3}% 44
\BOOKMARK [3][-]{subsubsection.5.3.2}{\376\377\000U\000n\000t\000e\000r\000s\000c\000h\000i\000e\000d\000l\000i\000c\000h\000e\000\040\000L\000a\000t\000e\000n\000z\000s\000t\000u\000f\000e\000n}{subsection.5.3}% 45
\BOOKMARK [2][-]{subsection.5.4}{\376\377\000D\000i\000s\000k\000u\000s\000s\000i\000o\000n}{section.5}% 46
\BOOKMARK [3][-]{subsubsection.5.4.1}{\376\377\000S\000t\000\344\000r\000k\000e\000n\000\040\000u\000n\000d\000\040\000S\000c\000h\000w\000\344\000c\000h\000e\000n\000\040\000d\000e\000r\000\040\000M\000e\000c\000h\000a\000n\000i\000k\000e\000n}{subsection.5.4}% 47
\BOOKMARK [3][-]{subsubsection.5.4.2}{\376\377\000R\000e\000l\000e\000v\000a\000n\000z\000\040\000j\000e\000\040\000n\000a\000c\000h\000\040\000A\000n\000w\000e\000n\000d\000u\000n\000g\000s\000s\000z\000e\000n\000a\000r\000i\000o}{subsection.5.4}% 48
\BOOKMARK [1][-]{section.6}{\376\377\000\334\000b\000e\000r\000t\000r\000a\000g\000b\000a\000r\000k\000e\000i\000t\000\040\000a\000u\000f\000\040\000a\000n\000d\000e\000r\000e\000\040\000A\000n\000w\000e\000n\000d\000u\000n\000g\000s\000b\000e\000r\000e\000i\000c\000h\000e}{}% 49
\BOOKMARK [2][-]{subsection.6.1}{\376\377\000W\000e\000i\000t\000e\000r\000e\000\040\000E\000c\000h\000t\000z\000e\000i\000t\000a\000n\000w\000e\000n\000d\000u\000n\000g\000e\000n}{section.6}% 50
\BOOKMARK [3][-]{subsubsection.6.1.1}{\376\377\000B\000e\000i\000s\000p\000i\000e\000l\000:\000\040\000K\000o\000l\000l\000a\000b\000o\000r\000a\000t\000i\000v\000e\000\040\000M\000u\000s\000i\000k\000s\000o\000f\000t\000w\000a\000r\000e}{subsection.6.1}% 51
\BOOKMARK [2][-]{subsection.6.2}{\376\377\000A\000n\000p\000a\000s\000s\000u\000n\000g\000\040\000d\000e\000r\000\040\000M\000e\000c\000h\000a\000n\000i\000k\000e\000n}{section.6}% 52
\BOOKMARK [3][-]{subsubsection.6.2.1}{\376\377\000P\000r\000e\000d\000i\000c\000t\000i\000o\000n\000\040\000v\000s\000.\000\040\000G\000e\000n\000a\000u\000i\000g\000k\000e\000i\000t}{subsection.6.2}% 53
\BOOKMARK [3][-]{subsubsection.6.2.2}{\376\377\000V\000e\000r\000s\000c\000h\000i\000e\000b\000u\000n\000g\000\040\000d\000e\000r\000\040\000P\000r\000i\000o\000r\000i\000t\000\344\000t\000e\000n\000:\000\040\000Q\000u\000a\000l\000i\000t\000\344\000t\000\040\000v\000s\000.\000\040\000R\000e\000a\000k\000t\000i\000o\000n\000s\000z\000e\000i\000t}{subsection.6.2}% 54
\BOOKMARK [1][-]{section.7}{\376\377\000F\000a\000z\000i\000t\000\040\000u\000n\000d\000\040\000A\000u\000s\000b\000l\000i\000c\000k}{}% 55
\BOOKMARK [2][-]{subsection.7.1}{\376\377\000Z\000u\000s\000a\000m\000m\000e\000n\000f\000a\000s\000s\000u\000n\000g}{section.7}% 56
\BOOKMARK [2][-]{subsection.7.2}{\376\377\000A\000u\000s\000b\000l\000i\000c\000k}{section.7}% 57
\BOOKMARK [3][-]{subsubsection.7.2.1}{\376\377\000M\000\366\000g\000l\000i\000c\000h\000e\000\040\000E\000r\000w\000e\000i\000t\000e\000r\000u\000n\000g\000e\000n\000\040\000\050\000z\000.\000B\000.\000\040\000R\000o\000l\000l\000b\000a\000c\000k\000,\000\040\000K\000I\000\051}{subsection.7.2}% 58
